<?xml version="1.0" encoding="UTF-8"?>
<testsuite xmlns:xsi="http://www.w3.org/2001/XMLSchema-instance" xsi:noNamespaceSchemaLocation="https://maven.apache.org/surefire/maven-surefire-plugin/xsd/surefire-test-report.xsd" version="3.0.2" name="com.persistent.audit.security.JwtAuthorizationIntegrationTest" time="3.633" tests="12" errors="0" skipped="0" failures="0" flakes="0">
  <properties>
[...]
</properties>
  <testcase name="invalidJwtIsUnauthorized" classname="com.persistent.audit.security.JwtAuthorizationIntegrationTest" time="0.883">
    <system-out><![CDATA[2026-08-24T22:44:20.820+05:30  INFO 17864 --- [           main] t.c.s.AnnotationConfigContextLoaderUtils : Could not detect default configuration classes for test class [com.persistent.audit.security.JwtAuthorizationIntegrationTest]: JwtAuthorizationIntegrationTest does not declare any static, non-private, non-final, nested classes annotated with @Configuration.
2026-08-24T22:44:20.886+05:30  INFO 17864 --- [           main] .b.t.c.SpringBootTestContextBootstrapper : Found @SpringBootConfiguration com.persistent.audit.AuditApplication for test class com.persistent.audit.security.JwtAuthorizationIntegrationTest
2026-08-24T22:44:20.889+05:30  INFO 17864 --- [           main] t.c.s.AnnotationConfigContextLoaderUtils : Could not detect default configuration classes for test class [com.persistent.audit.security.JwtAuthorizationIntegrationTest]: JwtAuthorizationIntegrationTest does not declare any static, non-private, non-final, nested classes annotated with @Configuration.
2026-08-24T22:44:20.893+05:30  INFO 17864 --- [           main] .b.t.c.SpringBootTestContextBootstrapper : Found @SpringBootConfiguration com.persistent.audit.AuditApplication for test class com.persistent.audit.security.JwtAuthorizationIntegrationTest

  .   ____          _            __ _ _
 /\\ / ___'_ __ _ _(_)_ __  __ _ \ \ \ \
( ( )\___ | '_ | '_| | '_ \/ _` | \ \ \ \
 \\/  ___)| |_)| | | | | || (_| |  ) ) ) )
  '  |____| .__|_| |_|_| |_\__, | / / / /
 =========|_|==============|___/=/_/_/_/

 :: Spring Boot ::                (v4.1.1)

2026-08-24T22:44:21.374+05:30  INFO 17864 --- [           main] .s.d.r.c.RepositoryConfigurationDelegate : Bootstrapping Spring Data JPA repositories in DEFAULT mode.
2026-08-24T22:44:21.402+05:30  INFO 17864 --- [           main] .s.d.r.c.RepositoryConfigurationDelegate : Finished Spring Data repository scanning in 26 ms. Found 2 JPA repository interfaces.
2026-08-24T22:44:21.615+05:30  INFO 17864 --- [           main] org.hibernate.orm.jpa                    : HHH008540: Processing PersistenceUnitInfo [name: default]
2026-08-24T22:44:21.660+05:30  INFO 17864 --- [           main] o.s.o.j.p.SpringPersistenceUnitInfo      : No LoadTimeWeaver setup: ignoring JPA class transformer
2026-08-24T22:44:21.661+05:30  INFO 17864 --- [           main] com.zaxxer.hikari.HikariDataSource       : HikariPool-3 - Starting...
2026-08-24T22:44:21.663+05:30  INFO 17864 --- [           main] com.zaxxer.hikari.pool.HikariPool        : HikariPool-3 - Added connection conn20: url=jdbc:h2:mem:auditdb user=SA
2026-08-24T22:44:21.664+05:30  INFO 17864 --- [           main] com.zaxxer.hikari.HikariDataSource       : HikariPool-3 - Start completed.
2026-08-24T22:44:21.665+05:30  WARN 17864 --- [           main] org.hibernate.orm.deprecation            : HHH90000025: H2Dialect does not need to be specified explicitly using 'hibernate.dialect' (remove the property setting and it will be selected by default)
2026-08-24T22:44:21.666+05:30  INFO 17864 --- [           main] org.hibernate.orm.connections.pooling    : HHH10001005: Database info:
	Database JDBC URL [jdbc:h2:mem:auditdb]
	Database driver: H2 JDBC Driver
	Database dialect: H2Dialect
	Database version: 2.4.240
	Default catalog/schema: AUDITDB/PUBLIC
	Autocommit mode: undefined/unknown
	Isolation level: READ_COMMITTED [default READ_COMMITTED]
	JDBC fetch size: 100
	Pool: DataSourceConnectionProvider
	Minimum pool size: undefined/unknown
	Maximum pool size: undefined/unknown
2026-08-24T22:44:21.749+05:30  INFO 17864 --- [           main] org.hibernate.orm.core                   : HHH000489: No JTA platform available (set 'hibernate.transaction.jta.platform' to enable JTA platform integration)
2026-08-24T22:44:21.761+05:30  INFO 17864 --- [           main] j.LocalContainerEntityManagerFactoryBean : Initialized JPA EntityManagerFactory for persistence unit 'default'
2026-08-24T22:44:21.980+05:30  INFO 17864 --- [           main] r$InitializeUserDetailsManagerConfigurer : Global AuthenticationManager configured with UserDetailsService bean with name auditUserDetailsService
2026-08-24T22:44:22.206+05:30  INFO 17864 --- [           main] o.s.b.t.m.w.SpringBootMockServletContext : Initializing Spring TestDispatcherServlet ''
2026-08-24T22:44:22.206+05:30  INFO 17864 --- [           main] o.s.t.web.servlet.TestDispatcherServlet  : Initializing Servlet ''
2026-08-24T22:44:22.209+05:30  INFO 17864 --- [           main] o.s.t.web.servlet.TestDispatcherServlet  : Completed initialization in 3 ms
]]></system-out>
  </testcase>
  <testcase name="loginRejectsUnknownUsernameAgainstUsersTable" classname="com.persistent.audit.security.JwtAuthorizationIntegrationTest" time="0.052">
    <system-out><![CDATA[2026-08-24T22:44:23.183+05:30 ERROR 17864 --- [           main] c.p.a.exceptions.AuditExceptionHandler   : User authentication failed
]]></system-out>
  </testcase>
  <testcase name="allowedOriginPreflightIsAccepted" classname="com.persistent.audit.security.JwtAuthorizationIntegrationTest" time="0.017"/>
  <testcase name="loginSuccessAndAdminCanCreateEvent" classname="com.persistent.audit.security.JwtAuthorizationIntegrationTest" time="0.368"/>
  <testcase name="loginRejectsBadPassword" classname="com.persistent.audit.security.JwtAuthorizationIntegrationTest" time="0.137">
    <system-out><![CDATA[2026-08-24T22:44:23.710+05:30 ERROR 17864 --- [           main] c.p.a.exceptions.AuditExceptionHandler   : User authentication failed
]]></system-out>
  </testcase>
  <testcase name="exportExposesContentDispositionForAllowedOrigin" classname="com.persistent.audit.security.JwtAuthorizationIntegrationTest" time="0.171"/>
  <testcase name="missingBearerTokenIsUnauthorized" classname="com.persistent.audit.security.JwtAuthorizationIntegrationTest" time="0.021"/>
  <testcase name="disallowedOriginPreflightIsBlocked" classname="com.persistent.audit.security.JwtAuthorizationIntegrationTest" time="0.022"/>
  <testcase name="viewerCannotAccessAuditEndpoints" classname="com.persistent.audit.security.JwtAuthorizationIntegrationTest" time="0.14"/>
  <testcase name="adminCanVerifyRetentionAndRedact" classname="com.persistent.audit.security.JwtAuthorizationIntegrationTest" time="0.226">
    <system-out><![CDATA[2026-08-24T22:44:24.287+05:30  WARN 17864 --- [           main] ration$PageModule$WarningLoggingModifier : Serializing PageImpl instances as-is is not supported, meaning that there is no guarantee about the stability of the resulting JSON structure!
	For a stable JSON structure, please use Spring Data's PagedModel (globally via @EnableSpringDataWebSupport(pageSerializationMode = VIA_DTO))
	or Spring HATEOAS and Spring Data's PagedResourcesAssembler as documented in https://docs.spring.io/spring-data/commons/reference/repositories/core-extensions.html#core.web.pageables.

]]></system-out>
  </testcase>
  <testcase name="usernameAndUseremailHeadersAreIgnored" classname="com.persistent.audit.security.JwtAuthorizationIntegrationTest" time="0.012"/>
  <testcase name="regulatorCanReadEventsButCannotCreate" classname="com.persistent.audit.security.JwtAuthorizationIntegrationTest" time="0.128"/>
</testsuite>